Flow report for Decod_CU
Tue Jan 10 11:28:35 2017
Quartus II 64-Bit Version 12.1 Build 243 01/31/2013 Service Pack 1 SJ Web Edition


---------------------
; Table of Contents ;
---------------------
  1. Legal Notice
  2. Flow Summary
  3. Flow Settings
  4. Flow Non-Default Global Settings
  5. Flow Elapsed Time
  6. Flow OS Summary
  7. Flow Log



----------------
; Legal Notice ;
----------------
Copyright (C) 1991-2012 Altera Corporation
Your use of Altera Corporation's design tools, logic functions 
and other software and tools, and its AMPP partner logic 
functions, and any output files from any of the foregoing 
(including device programming or simulation files), and any 
associated documentation or information are expressly subject 
to the terms and conditions of the Altera Program License 
Subscription Agreement, Altera MegaCore Function License 
Agreement, or other applicable license agreement, including, 
without limitation, that your use is for the sole purpose of 
programming logic devices manufactured by Altera and sold by 
Altera or its authorized distributors.  Please refer to the 
applicable agreement for further details.



+------------------------------------------------------------------------------------+
; Flow Summary                                                                       ;
+------------------------------------+-----------------------------------------------+
; Flow Status                        ; Successful - Tue Jan 10 11:28:30 2017         ;
; Quartus II 64-Bit Version          ; 12.1 Build 243 01/31/2013 SP 1 SJ Web Edition ;
; Revision Name                      ; Decod_CU                                      ;
; Top-level Entity Name              ; Decod_CU                                      ;
; Family                             ; Cyclone IV GX                                 ;
; Total logic elements               ; 17 / 14,400 ( < 1 % )                         ;
;     Total combinational functions  ; 17 / 14,400 ( < 1 % )                         ;
;     Dedicated logic registers      ; 0 / 14,400 ( 0 % )                            ;
; Total registers                    ; 0                                             ;
; Total pins                         ; 14 / 81 ( 17 % )                              ;
; Total virtual pins                 ; 0                                             ;
; Total memory bits                  ; 0 / 552,960 ( 0 % )                           ;
; Embedded Multiplier 9-bit elements ; 0                                             ;
; Total GXB Receiver Channel PCS     ; 0 / 2 ( 0 % )                                 ;
; Total GXB Receiver Channel PMA     ; 0 / 2 ( 0 % )                                 ;
; Total GXB Transmitter Channel PCS  ; 0 / 2 ( 0 % )                                 ;
; Total GXB Transmitter Channel PMA  ; 0 / 2 ( 0 % )                                 ;
; Total PLLs                         ; 0 / 3 ( 0 % )                                 ;
; Device                             ; EP4CGX15BF14C6                                ;
; Timing Models                      ; Final                                         ;
+------------------------------------+-----------------------------------------------+


+-----------------------------------------+
; Flow Settings                           ;
+-------------------+---------------------+
; Option            ; Setting             ;
+-------------------+---------------------+
; Start date & time ; 01/10/2017 11:28:11 ;
; Main task         ; Compilation         ;
; Revision Name     ; Decod_CU            ;
+-------------------+---------------------+


+---------------------------------------------------------------------------------------------------------------+
; Flow Non-Default Global Settings                                                                              ;
+-------------------------------------+------------------------------+---------------+-------------+------------+
; Assignment Name                     ; Value                        ; Default Value ; Entity Name ; Section Id ;
+-------------------------------------+------------------------------+---------------+-------------+------------+
; COMPILER_SIGNATURE_ID               ; 164143905090.148405489109432 ; --            ; --          ; --         ;
; PARTITION_COLOR                     ; 16764057                     ; --            ; --          ; Top        ;
; PARTITION_FITTER_PRESERVATION_LEVEL ; PLACEMENT_AND_ROUTING        ; --            ; --          ; Top        ;
; PARTITION_NETLIST_TYPE              ; SOURCE                       ; --            ; --          ; Top        ;
+-------------------------------------+------------------------------+---------------+-------------+------------+


+-------------------------------------------------------------------------------------------------------------------------------+
; Flow Elapsed Time                                                                                                             ;
+---------------------------+--------------+-------------------------+---------------------+------------------------------------+
; Module Name               ; Elapsed Time ; Average Processors Used ; Peak Virtual Memory ; Total CPU Time (on all processors) ;
+---------------------------+--------------+-------------------------+---------------------+------------------------------------+
; Analysis & Synthesis      ; 00:00:03     ; 1.0                     ; 544 MB              ; 00:00:02                           ;
; Fitter                    ; 00:00:10     ; 1.0                     ; 856 MB              ; 00:00:08                           ;
; Assembler                 ; 00:00:02     ; 1.0                     ; 476 MB              ; 00:00:02                           ;
; TimeQuest Timing Analyzer ; 00:00:04     ; 1.0                     ; 488 MB              ; 00:00:03                           ;
; Total                     ; 00:00:19     ; --                      ; --                  ; 00:00:15                           ;
+---------------------------+--------------+-------------------------+---------------------+------------------------------------+


+----------------------------------------------------------------------------------------+
; Flow OS Summary                                                                        ;
+---------------------------+------------------+-----------+------------+----------------+
; Module Name               ; Machine Hostname ; OS Name   ; OS Version ; Processor type ;
+---------------------------+------------------+-----------+------------+----------------+
; Analysis & Synthesis      ; pc-raul          ; Windows 7 ; 6.2        ; x86_64         ;
; Fitter                    ; pc-raul          ; Windows 7 ; 6.2        ; x86_64         ;
; Assembler                 ; pc-raul          ; Windows 7 ; 6.2        ; x86_64         ;
; TimeQuest Timing Analyzer ; pc-raul          ; Windows 7 ; 6.2        ; x86_64         ;
+---------------------------+------------------+-----------+------------+----------------+


------------
; Flow Log ;
------------
quartus_map --read_settings_files=on --write_settings_files=off Decod_CU -c Decod_CU
quartus_fit --read_settings_files=off --write_settings_files=off Decod_CU -c Decod_CU
quartus_asm --read_settings_files=off --write_settings_files=off Decod_CU -c Decod_CU
quartus_sta Decod_CU -c Decod_CU



